<?xml version="1.0" encoding="UTF-8"?>
<testsuite xmlns:xsi="http://www.w3.org/2001/XMLSchema-instance" xsi:noNamespaceSchemaLocation="https://maven.apache.org/surefire/maven-surefire-plugin/xsd/surefire-test-report.xsd" name="com.hyw.producer.rabbit.ApplicationTests" time="28.431" tests="1" errors="1" skipped="0" failures="0">
  <properties>
[...]
</properties>
  <testcase name="testProducerClient" classname="com.hyw.producer.rabbit.ApplicationTests" time="0.481">
    <error message="Invalid bound statement (not found): com.hyw.producer.rabbit.mapper.BrokerMessageMapper.selectByPrimaryKey" type="org.apache.ibatis.binding.BindingException">org.apache.ibatis.binding.BindingException: Invalid bound statement (not found): com.hyw.producer.rabbit.mapper.BrokerMessageMapper.selectByPrimaryKey
	at com.hyw.producer.rabbit.ApplicationTests.testProducerClient(ApplicationTests.java:42)
</error>
    <system-out><![CDATA[10:10:09.785 [main] DEBUG org.springframework.test.context.junit4.SpringJUnit4ClassRunner - SpringJUnit4ClassRunner constructor called with [class com.hyw.producer.rabbit.ApplicationTests]
10:10:09.798 [main] DEBUG org.springframework.test.context.BootstrapUtils - Instantiating CacheAwareContextLoaderDelegate from class [org.springframework.test.context.cache.DefaultCacheAwareContextLoaderDelegate]
10:10:09.818 [main] DEBUG org.springframework.test.context.BootstrapUtils - Instantiating BootstrapContext using constructor [public org.springframework.test.context.support.DefaultBootstrapContext(java.lang.Class,org.springframework.test.context.CacheAwareContextLoaderDelegate)]
10:10:09.870 [main] DEBUG org.springframework.test.context.BootstrapUtils - Instantiating TestContextBootstrapper for test class [com.hyw.producer.rabbit.ApplicationTests] from class [org.springframework.boot.test.context.SpringBootTestContextBootstrapper]
10:10:09.969 [main] INFO org.springframework.boot.test.context.SpringBootTestContextBootstrapper - Neither @ContextConfiguration nor @ContextHierarchy found for test class [com.hyw.producer.rabbit.ApplicationTests], using SpringBootContextLoader
10:10:09.985 [main] DEBUG org.springframework.test.context.support.AbstractContextLoader - Did not detect default resource location for test class [com.hyw.producer.rabbit.ApplicationTests]: class path resource [com/hyw/producer/rabbit/ApplicationTests-context.xml] does not exist
10:10:09.986 [main] DEBUG org.springframework.test.context.support.AbstractContextLoader - Did not detect default resource location for test class [com.hyw.producer.rabbit.ApplicationTests]: class path resource [com/hyw/producer/rabbit/ApplicationTestsContext.groovy] does not exist
10:10:09.988 [main] INFO org.springframework.test.context.support.AbstractContextLoader - Could not detect default resource locations for test class [com.hyw.producer.rabbit.ApplicationTests]: no resource found for suffixes {-context.xml, Context.groovy}.
10:10:09.991 [main] INFO org.springframework.test.context.support.AnnotationConfigContextLoaderUtils - Could not detect default configuration classes for test class [com.hyw.producer.rabbit.ApplicationTests]: ApplicationTests does not declare any static, non-private, non-final, nested classes annotated with @Configuration.
10:10:10.220 [main] DEBUG org.springframework.test.context.support.ActiveProfilesUtils - Could not find an 'annotation declaring class' for annotation type [org.springframework.test.context.ActiveProfiles] and class [com.hyw.producer.rabbit.ApplicationTests]
10:10:10.613 [main] DEBUG org.springframework.context.annotation.ClassPathScanningCandidateComponentProvider - Identified candidate component class: file [D:\idea\rabbit-parent\MainTest\target\classes\com\hyw\producer\rabbit\ApplicationTest.class]
10:10:10.618 [main] INFO org.springframework.boot.test.context.SpringBootTestContextBootstrapper - Found @SpringBootConfiguration com.hyw.producer.rabbit.ApplicationTest for test class com.hyw.producer.rabbit.ApplicationTests
10:10:10.959 [main] DEBUG org.springframework.boot.test.context.SpringBootTestContextBootstrapper - @TestExecutionListeners is not present for class [com.hyw.producer.rabbit.ApplicationTests]: using defaults.
10:10:10.960 [main] INFO org.springframework.boot.test.context.SpringBootTestContextBootstrapper - Loaded default TestExecutionListener class names from location [META-INF/spring.factories]: [org.springframework.boot.test.mock.mockito.MockitoTestExecutionListener, org.springframework.boot.test.mock.mockito.ResetMocksTestExecutionListener, org.springframework.boot.test.autoconfigure.restdocs.RestDocsTestExecutionListener, org.springframework.boot.test.autoconfigure.web.client.MockRestServiceServerResetTestExecutionListener, org.springframework.boot.test.autoconfigure.web.servlet.MockMvcPrintOnlyOnFailureTestExecutionListener, org.springframework.boot.test.autoconfigure.web.servlet.WebDriverTestExecutionListener, org.springframework.test.context.web.ServletTestExecutionListener, org.springframework.test.context.support.DirtiesContextBeforeModesTestExecutionListener, org.springframework.test.context.support.DependencyInjectionTestExecutionListener, org.springframework.test.context.support.DirtiesContextTestExecutionListener, org.springframework.test.context.transaction.TransactionalTestExecutionListener, org.springframework.test.context.jdbc.SqlScriptsTestExecutionListener]
10:10:11.019 [main] INFO org.springframework.boot.test.context.SpringBootTestContextBootstrapper - Using TestExecutionListeners: [org.springframework.test.context.web.ServletTestExecutionListener@6c6cb480, org.springframework.test.context.support.DirtiesContextBeforeModesTestExecutionListener@3c46e67a, org.springframework.boot.test.mock.mockito.MockitoTestExecutionListener@c730b35, org.springframework.boot.test.autoconfigure.SpringBootDependencyInjectionTestExecutionListener@206a70ef, org.springframework.test.context.support.DirtiesContextTestExecutionListener@292b08d6, org.springframework.test.context.transaction.TransactionalTestExecutionListener@22555ebf, org.springframework.test.context.jdbc.SqlScriptsTestExecutionListener@36ebc363, org.springframework.boot.test.mock.mockito.ResetMocksTestExecutionListener@45752059, org.springframework.boot.test.autoconfigure.restdocs.RestDocsTestExecutionListener@34e9fd99, org.springframework.boot.test.autoconfigure.web.client.MockRestServiceServerResetTestExecutionListener@3c41ed1d, org.springframework.boot.test.autoconfigure.web.servlet.MockMvcPrintOnlyOnFailureTestExecutionListener@54d9d12d, org.springframework.boot.test.autoconfigure.web.servlet.WebDriverTestExecutionListener@38425407]
10:10:11.024 [main] DEBUG org.springframework.test.annotation.ProfileValueUtils - Retrieved @ProfileValueSourceConfiguration [null] for test class [com.hyw.producer.rabbit.ApplicationTests]
10:10:11.027 [main] DEBUG org.springframework.test.annotation.ProfileValueUtils - Retrieved ProfileValueSource type [class org.springframework.test.annotation.SystemProfileValueSource] for class [com.hyw.producer.rabbit.ApplicationTests]
10:10:11.032 [main] DEBUG org.springframework.test.annotation.ProfileValueUtils - Retrieved @ProfileValueSourceConfiguration [null] for test class [com.hyw.producer.rabbit.ApplicationTests]
10:10:11.032 [main] DEBUG org.springframework.test.annotation.ProfileValueUtils - Retrieved ProfileValueSource type [class org.springframework.test.annotation.SystemProfileValueSource] for class [com.hyw.producer.rabbit.ApplicationTests]
10:10:11.034 [main] DEBUG org.springframework.test.annotation.ProfileValueUtils - Retrieved @ProfileValueSourceConfiguration [null] for test class [com.hyw.producer.rabbit.ApplicationTests]
10:10:11.035 [main] DEBUG org.springframework.test.annotation.ProfileValueUtils - Retrieved ProfileValueSource type [class org.springframework.test.annotation.SystemProfileValueSource] for class [com.hyw.producer.rabbit.ApplicationTests]
10:10:11.044 [main] DEBUG org.springframework.test.context.support.AbstractDirtiesContextTestExecutionListener - Before test class: context [DefaultTestContext@3eb25e1a testClass = ApplicationTests, testInstance = [null], testMethod = [null], testException = [null], mergedContextConfiguration = [WebMergedContextConfiguration@477b4cdf testClass = ApplicationTests, locations = '{}', classes = '{class com.hyw.producer.rabbit.ApplicationTest}', contextInitializerClasses = '[]', activeProfiles = '{}', propertySourceLocations = '{}', propertySourceProperties = '{org.springframework.boot.test.context.SpringBootTestContextBootstrapper=true}', contextCustomizers = set[org.springframework.boot.test.context.filter.ExcludeFilterContextCustomizer@545997b1, org.springframework.boot.test.json.DuplicateJsonObjectContextCustomizerFactory$DuplicateJsonObjectContextCustomizer@548ad73b, org.springframework.boot.test.mock.mockito.MockitoContextCustomizer@0, org.springframework.boot.test.web.client.TestRestTemplateContextCustomizer@35a50a4c, org.springframework.boot.test.autoconfigure.properties.PropertyMappingContextCustomizer@0, org.springframework.boot.test.autoconfigure.web.servlet.WebDriverContextCustomizerFactory$Customizer@b9afc07], resourceBasePath = 'src/main/webapp', contextLoader = 'org.springframework.boot.test.context.SpringBootContextLoader', parent = [null]], attributes = map['org.springframework.test.context.web.ServletTestExecutionListener.activateListener' -> true]], class annotated with @DirtiesContext [false] with mode [null].
10:10:11.046 [main] DEBUG org.springframework.test.annotation.ProfileValueUtils - Retrieved @ProfileValueSourceConfiguration [null] for test class [com.hyw.producer.rabbit.ApplicationTests]
10:10:11.046 [main] DEBUG org.springframework.test.annotation.ProfileValueUtils - Retrieved ProfileValueSource type [class org.springframework.test.annotation.SystemProfileValueSource] for class [com.hyw.producer.rabbit.ApplicationTests]
10:10:11.092 [main] DEBUG org.springframework.test.context.support.TestPropertySourceUtils - Adding inlined properties to environment: {spring.jmx.enabled=false, org.springframework.boot.test.context.SpringBootTestContextBootstrapper=true, server.port=-1}

  .   ____          _            __ _ _
 /\\ / ___'_ __ _ _(_)_ __  __ _ \ \ \ \
( ( )\___ | '_ | '_| | '_ \/ _` | \ \ \ \
 \\/  ___)| |_)| | | | | || (_| |  ) ) ) )
  '  |____| .__|_| |_|_| |_\__, | / / / /
 =========|_|==============|___/=/_/_/_/
 :: Spring Boot ::        (v2.1.5.RELEASE)

2020-03-24 10:10:12.197  INFO 11440 --- [           main] c.hyw.producer.rabbit.ApplicationTests   : Starting ApplicationTests on LAPTOP-N5Q2L0OB with PID 11440 (started by 源伟 in D:\idea\rabbit-parent\MainTest)
2020-03-24 10:10:12.206  INFO 11440 --- [           main] c.hyw.producer.rabbit.ApplicationTests   : No active profile set, falling back to default profiles: default
2020-03-24 10:10:15.664  WARN 11440 --- [           main] o.m.s.mapper.ClassPathMapperScanner      : Skipping MapperFactoryBean with name 'brokerMessageMapper' and 'com.hyw.producer.rabbit.mapper.BrokerMessageMapper' mapperInterface. Bean already defined with the same name!
2020-03-24 10:10:15.664  WARN 11440 --- [           main] o.m.s.mapper.ClassPathMapperScanner      : No MyBatis mapper was found in '[com.hyw.producer.rabbit.mapper]' package. Please check your configuration.
2020-03-24 10:10:15.665  INFO 11440 --- [           main] o.s.c.a.ConfigurationClassPostProcessor  : Cannot enhance @Configuration bean definition 'rabbitProducerMybatisMapperScanerConfig' since its singleton instance has been created too early. The typical cause is a non-static @Bean method with a BeanDefinitionRegistryPostProcessor return type: Consider declaring such methods as 'static'.
2020-03-24 10:10:18.176  INFO 11440 --- [           main] .d.RabbitProducerDataSourceConfiguration : ============= rabbitProducerDataSource : {
	CreateTime:"2020-03-24 10:10:18",
	ActiveCount:0,
	PoolingCount:0,
	CreateCount:0,
	DestroyCount:0,
	CloseCount:0,
	ConnectCount:0,
	Connections:[
	]
} ================
2020-03-24 10:10:20.024  INFO 11440 --- [           main] c.h.t.r.a.JobParserAutoConfiguration     : 初始化job注册中心配置成功, zkaddress : 39.108.157.26:2181, namespace : elastic-job
2020-03-24 10:10:20.312  INFO 11440 --- [           main] o.a.c.f.imps.CuratorFrameworkImpl        : Starting
2020-03-24 10:10:20.355  INFO 11440 --- [           main] org.apache.zookeeper.ZooKeeper           : Client environment:zookeeper.version=3.4.6-1569965, built on 02/20/2014 09:09 GMT
2020-03-24 10:10:20.356  INFO 11440 --- [           main] org.apache.zookeeper.ZooKeeper           : Client environment:host.name=LAPTOP-N5Q2L0OB
2020-03-24 10:10:20.356  INFO 11440 --- [           main] org.apache.zookeeper.ZooKeeper           : Client environment:java.version=1.8.0_131
2020-03-24 10:10:20.356  INFO 11440 --- [           main] org.apache.zookeeper.ZooKeeper           : Client environment:java.vendor=Oracle Corporation
2020-03-24 10:10:20.356  INFO 11440 --- [           main] org.apache.zookeeper.ZooKeeper           : Client environment:java.home=C:\Program Files\Java\jdk1.8.0_131\jre
2020-03-24 10:10:20.356  INFO 11440 --- [           main] org.apache.zookeeper.ZooKeeper           : Client environment:java.class.path=D:\idea\rabbit-parent\MainTest\target\test-classes;D:\idea\rabbit-parent\MainTest\target\classes;D:\apache-maven-3.6.0\repository\org\springframework\boot\spring-boot-starter-web\2.1.5.RELEASE\spring-boot-starter-web-2.1.5.RELEASE.jar;D:\apache-maven-3.6.0\repository\org\springframework\boot\spring-boot-starter-json\2.1.5.RELEASE\spring-boot-starter-json-2.1.5.RELEASE.jar;D:\apache-maven-3.6.0\repository\com\fasterxml\jackson\datatype\jackson-datatype-jdk8\2.9.8\jackson-datatype-jdk8-2.9.8.jar;D:\apache-maven-3.6.0\repository\com\fasterxml\jackson\datatype\jackson-datatype-jsr310\2.9.8\jackson-datatype-jsr310-2.9.8.jar;D:\apache-maven-3.6.0\repository\com\fasterxml\jackson\module\jackson-module-parameter-names\2.9.8\jackson-module-parameter-names-2.9.8.jar;D:\apache-maven-3.6.0\repository\org\springframework\boot\spring-boot-starter-tomcat\2.1.5.RELEASE\spring-boot-starter-tomcat-2.1.5.RELEASE.jar;D:\apache-maven-3.6.0\repository\org\apache\tomcat\embed\tomcat-embed-core\9.0.19\tomcat-embed-core-9.0.19.jar;D:\apache-maven-3.6.0\repository\org\apache\tomcat\embed\tomcat-embed-el\9.0.19\tomcat-embed-el-9.0.19.jar;D:\apache-maven-3.6.0\repository\org\apache\tomcat\embed\tomcat-embed-websocket\9.0.19\tomcat-embed-websocket-9.0.19.jar;D:\apache-maven-3.6.0\repository\org\hibernate\validator\hibernate-validator\6.0.16.Final\hibernate-validator-6.0.16.Final.jar;D:\apache-maven-3.6.0\repository\javax\validation\validation-api\2.0.1.Final\validation-api-2.0.1.Final.jar;D:\apache-maven-3.6.0\repository\org\jboss\logging\jboss-logging\3.3.2.Final\jboss-logging-3.3.2.Final.jar;D:\apache-maven-3.6.0\repository\com\fasterxml\classmate\1.4.0\classmate-1.4.0.jar;D:\apache-maven-3.6.0\repository\org\springframework\spring-web\5.1.7.RELEASE\spring-web-5.1.7.RELEASE.jar;D:\apache-maven-3.6.0\repository\org\springframework\spring-beans\5.1.7.RELEASE\spring-beans-5.1.7.RELEASE.jar;D:\apache-maven-3.6.0\repository\org\springframework\spring-webmvc\5.1.7.RELEASE\spring-webmvc-5.1.7.RELEASE.jar;D:\apache-maven-3.6.0\repository\org\springframework\spring-aop\5.1.7.RELEASE\spring-aop-5.1.7.RELEASE.jar;D:\apache-maven-3.6.0\repository\org\springframework\spring-context\5.1.7.RELEASE\spring-context-5.1.7.RELEASE.jar;D:\apache-maven-3.6.0\repository\org\springframework\spring-expression\5.1.7.RELEASE\spring-expression-5.1.7.RELEASE.jar;D:\idea\rabbit-parent\rabbit-producer\target\rabbit-producer-1.0-SNAPSHOT.jar;D:\idea\rabbit-parent\rabbit-common\target\rabbit-common-1.0-SNAPSHOT.jar;D:\idea\rabbit-parent\rabbit-api\target\rabbit-api-1.0-SNAPSHOT.jar;D:\apache-maven-3.6.0\repository\org\springframework\boot\spring-boot-starter-amqp\2.1.5.RELEASE\spring-boot-starter-amqp-2.1.5.RELEASE.jar;D:\apache-maven-3.6.0\repository\org\springframework\spring-messaging\5.1.7.RELEASE\spring-messaging-5.1.7.RELEASE.jar;D:\apache-maven-3.6.0\repository\org\springframework\amqp\spring-rabbit\2.1.6.RELEASE\spring-rabbit-2.1.6.RELEASE.jar;D:\apache-maven-3.6.0\repository\org\springframework\amqp\spring-amqp\2.1.6.RELEASE\spring-amqp-2.1.6.RELEASE.jar;D:\apache-maven-3.6.0\repository\org\springframework\retry\spring-retry\1.2.4.RELEASE\spring-retry-1.2.4.RELEASE.jar;D:\apache-maven-3.6.0\repository\com\rabbitmq\amqp-client\5.4.3\amqp-client-5.4.3.jar;D:\apache-maven-3.6.0\repository\org\springframework\spring-tx\5.1.7.RELEASE\spring-tx-5.1.7.RELEASE.jar;D:\apache-maven-3.6.0\repository\org\springframework\boot\spring-boot-starter-jdbc\2.1.5.RELEASE\spring-boot-starter-jdbc-2.1.5.RELEASE.jar;D:\apache-maven-3.6.0\repository\com\zaxxer\HikariCP\3.2.0\HikariCP-3.2.0.jar;D:\apache-maven-3.6.0\repository\org\springframework\spring-jdbc\5.1.7.RELEASE\spring-jdbc-5.1.7.RELEASE.jar;D:\apache-maven-3.6.0\repository\org\mybatis\spring\boot\mybatis-spring-boot-starter\1.1.1\mybatis-spring-boot-starter-1.1.1.jar;D:\apache-maven-3.6.0\repository\org\mybatis\spring\boot\mybatis-spring-boot-autoconfigure\1.1.1\mybatis-spring-boot-autoconfigure-1.1.1.jar;D:\apache-maven-3.6.0\repository\org\mybatis\mybatis-spring\1.3.0\mybatis-spring-1.3.0.jar;D:\apache-maven-3.6.0\repository\com\alibaba\druid\1.1.10\druid-1.1.10.jar;D:\apache-maven-3.6.0\repository\mysql\mysql-connector-java\8.0.16\mysql-connector-java-8.0.16.jar;D:\apache-maven-3.6.0\repository\org\mybatis\mybatis\3.5.2\mybatis-3.5.2.jar;D:\apache-maven-3.6.0\repository\log4j\log4j\1.2.17\log4j-1.2.17.jar;D:\idea\rabbit-parent\rabbit-task\target\rabbit-task-1.0-SNAPSHOT.jar;D:\apache-maven-3.6.0\repository\com\dangdang\elastic-job-lite-core\2.1.4\elastic-job-lite-core-2.1.4.jar;D:\apache-maven-3.6.0\repository\com\dangdang\elastic-job-common-core\2.1.4\elastic-job-common-core-2.1.4.jar;D:\apache-maven-3.6.0\repository\org\apache\curator\curator-framework\2.10.0\curator-framework-2.10.0.jar;D:\apache-maven-3.6.0\repository\org\apache\curator\curator-client\2.10.0\curator-client-2.10.0.jar;D:\apache-maven-3.6.0\repository\org\apache\zookeeper\zookeeper\3.4.6\zookeeper-3.4.6.jar;D:\apache-maven-3.6.0\repository\jline\jline\0.9.94\jline-0.9.94.jar;D:\apache-maven-3.6.0\repository\io\netty\netty\3.7.0.Final\netty-3.7.0.Final.jar;D:\apache-maven-3.6.0\repository\org\apache\curator\curator-recipes\2.10.0\curator-recipes-2.10.0.jar;D:\apache-maven-3.6.0\repository\com\google\code\gson\gson\2.8.5\gson-2.8.5.jar;D:\apache-maven-3.6.0\repository\org\quartz-scheduler\quartz\2.3.1\quartz-2.3.1.jar;D:\apache-maven-3.6.0\repository\com\mchange\mchange-commons-java\0.2.15\mchange-commons-java-0.2.15.jar;D:\apache-maven-3.6.0\repository\org\apache\commons\commons-exec\1.3\commons-exec-1.3.jar;D:\apache-maven-3.6.0\repository\com\dangdang\elastic-job-lite-spring\2.1.4\elastic-job-lite-spring-2.1.4.jar;D:\apache-maven-3.6.0\repository\org\springframework\boot\spring-boot-starter\2.1.5.RELEASE\spring-boot-starter-2.1.5.RELEASE.jar;D:\apache-maven-3.6.0\repository\org\springframework\boot\spring-boot\2.1.5.RELEASE\spring-boot-2.1.5.RELEASE.jar;D:\apache-maven-3.6.0\repository\org\springframework\boot\spring-boot-autoconfigure\2.1.5.RELEASE\spring-boot-autoconfigure-2.1.5.RELEASE.jar;D:\apache-maven-3.6.0\repository\org\springframework\boot\spring-boot-starter-logging\2.1.5.RELEASE\spring-boot-starter-logging-2.1.5.RELEASE.jar;D:\apache-maven-3.6.0\repository\ch\qos\logback\logback-classic\1.2.3\logback-classic-1.2.3.jar;D:\apache-maven-3.6.0\repository\ch\qos\logback\logback-core\1.2.3\logback-core-1.2.3.jar;D:\apache-maven-3.6.0\repository\org\apache\logging\log4j\log4j-to-slf4j\2.11.2\log4j-to-slf4j-2.11.2.jar;D:\apache-maven-3.6.0\repository\org\apache\logging\log4j\log4j-api\2.11.2\log4j-api-2.11.2.jar;D:\apache-maven-3.6.0\repository\org\slf4j\jul-to-slf4j\1.7.26\jul-to-slf4j-1.7.26.jar;D:\apache-maven-3.6.0\repository\javax\annotation\javax.annotation-api\1.3.2\javax.annotation-api-1.3.2.jar;D:\apache-maven-3.6.0\repository\org\springframework\spring-core\5.1.7.RELEASE\spring-core-5.1.7.RELEASE.jar;D:\apache-maven-3.6.0\repository\org\springframework\spring-jcl\5.1.7.RELEASE\spring-jcl-5.1.7.RELEASE.jar;D:\apache-maven-3.6.0\repository\org\yaml\snakeyaml\1.23\snakeyaml-1.23.jar;D:\apache-maven-3.6.0\repository\org\springframework\boot\spring-boot-starter-test\2.1.5.RELEASE\spring-boot-starter-test-2.1.5.RELEASE.jar;D:\apache-maven-3.6.0\repository\org\springframework\boot\spring-boot-test\2.1.5.RELEASE\spring-boot-test-2.1.5.RELEASE.jar;D:\apache-maven-3.6.0\repository\org\springframework\boot\spring-boot-test-autoconfigure\2.1.5.RELEASE\spring-boot-test-autoconfigure-2.1.5.RELEASE.jar;D:\apache-maven-3.6.0\repository\com\jayway\jsonpath\json-path\2.4.0\json-path-2.4.0.jar;D:\apache-maven-3.6.0\repository\net\minidev\json-smart\2.3\json-smart-2.3.jar;D:\apache-maven-3.6.0\repository\net\minidev\accessors-smart\1.2\accessors-smart-1.2.jar;D:\apache-maven-3.6.0\repository\org\ow2\asm\asm\5.0.4\asm-5.0.4.jar;D:\apache-maven-3.6.0\repository\org\slf4j\slf4j-api\1.7.26\slf4j-api-1.7.26.jar;D:\apache-maven-3.6.0\repository\junit\junit\4.12\junit-4.12.jar;D:\apache-maven-3.6.0\repository\org\assertj\assertj-core\3.11.1\assertj-core-3.11.1.jar;D:\apache-maven-3.6.0\repository\org\mockito\mockito-core\2.23.4\mockito-core-2.23.4.jar;D:\apache-maven-3.6.0\repository\net\bytebuddy\byte-buddy\1.9.12\byte-buddy-1.9.12.jar;D:\apache-maven-3.6.0\repository\net\bytebuddy\byte-buddy-agent\1.9.12\byte-buddy-agent-1.9.12.jar;D:\apache-maven-3.6.0\repository\org\objenesis\objenesis\2.6\objenesis-2.6.jar;D:\apache-maven-3.6.0\repository\org\hamcrest\hamcrest-core\1.3\hamcrest-core-1.3.jar;D:\apache-maven-3.6.0\repository\org\hamcrest\hamcrest-library\1.3\hamcrest-library-1.3.jar;D:\apache-maven-3.6.0\repository\org\skyscreamer\jsonassert\1.5.0\jsonassert-1.5.0.jar;D:\apache-maven-3.6.0\repository\com\vaadin\external\google\android-json\0.0.20131108.vaadin1\android-json-0.0.20131108.vaadin1.jar;D:\apache-maven-3.6.0\repository\org\springframework\spring-test\5.1.7.RELEASE\spring-test-5.1.7.RELEASE.jar;D:\apache-maven-3.6.0\repository\org\xmlunit\xmlunit-core\2.6.2\xmlunit-core-2.6.2.jar;D:\apache-maven-3.6.0\repository\org\projectlombok\lombok\1.18.8\lombok-1.18.8.jar;D:\apache-maven-3.6.0\repository\com\google\guava\guava\20.0\guava-20.0.jar;D:\apache-maven-3.6.0\repository\org\apache\commons\commons-lang3\3.3.1\commons-lang3-3.3.1.jar;D:\apache-maven-3.6.0\repository\commons-io\commons-io\2.4\commons-io-2.4.jar;D:\apache-maven-3.6.0\repository\com\alibaba\fastjson\1.1.26\fastjson-1.1.26.jar;D:\apache-maven-3.6.0\repository\org\codehaus\jackson\jackson-mapper-asl\1.9.13\jackson-mapper-asl-1.9.13.jar;D:\apache-maven-3.6.0\repository\org\codehaus\jackson\jackson-core-asl\1.9.13\jackson-core-asl-1.9.13.jar;D:\apache-maven-3.6.0\repository\com\fasterxml\jackson\core\jackson-databind\2.9.8\jackson-databind-2.9.8.jar;D:\apache-maven-3.6.0\repository\com\fasterxml\jackson\core\jackson-annotations\2.9.0\jackson-annotations-2.9.0.jar;D:\apache-maven-3.6.0\repository\com\fasterxml\jackson\core\jackson-core\2.9.8\jackson-core-2.9.8.jar;D:\apache-maven-3.6.0\repository\com\fasterxml\uuid\java-uuid-generator\3.1.4\java-uuid-generator-3.1.4.jar;
2020-03-24 10:10:20.359  INFO 11440 --- [           main] org.apache.zookeeper.ZooKeeper           : Client environment:java.library.path=C:\Program Files\Java\jdk1.8.0_131\jre\bin;C:\WINDOWS\Sun\Java\bin;C:\WINDOWS\system32;C:\WINDOWS;D:\Program Files\xftp\;D:\Program Files\Xshell 6\;D:\oracle\app\oracle\product\11.2.0\server\bin;C:\ProgramData\Oracle\Java\javapath;C:\Windows\system32;C:\Windows;C:\Windows\System32\Wbem;C:\Windows\System32\WindowsPowerShell\v1.0\;C:\Program Files (x86)\NVIDIA Corporation\PhysX\Common;C:\Program Files\Java\jdk1.8.0_131\bin;C:\Program Files\Java\jdk1.8.0_131\jre\bin;C:\Program Files\apache-tomcat-9.0.16\bin;C:\WINDOWS\system32;C:\WINDOWS;C:\WINDOWS\System32\Wbem;C:\WINDOWS\System32\WindowsPowerShell\v1.0\;C:\WINDOWS\System32\OpenSSH\;D:\Program Files\sdk\tools;D:\Program Files\sdk\platform-tools;D:\Git\cmd;C:\Program Files\dotnet\;C:\Program Files\erl10.0.1\bin;D:\apache-maven-3.6.0\bin;C:\Program Files\MySQL\MySQL Server 8.0\bin;C:\Program Files\Git\cmd;D:\Program Files\bin;D:\software\gradle-4.6\bin;C:\Users\源伟\AppData\Local\Microsoft\WindowsApps;.
2020-03-24 10:10:20.360  INFO 11440 --- [           main] org.apache.zookeeper.ZooKeeper           : Client environment:java.io.tmpdir=C:\Users\源伟\AppData\Local\Temp\
2020-03-24 10:10:20.360  INFO 11440 --- [           main] org.apache.zookeeper.ZooKeeper           : Client environment:java.compiler=<NA>
2020-03-24 10:10:20.360  INFO 11440 --- [           main] org.apache.zookeeper.ZooKeeper           : Client environment:os.name=Windows 10
2020-03-24 10:10:20.361  INFO 11440 --- [           main] org.apache.zookeeper.ZooKeeper           : Client environment:os.arch=amd64
2020-03-24 10:10:20.362  INFO 11440 --- [           main] org.apache.zookeeper.ZooKeeper           : Client environment:os.version=10.0
2020-03-24 10:10:20.366  INFO 11440 --- [           main] org.apache.zookeeper.ZooKeeper           : Client environment:user.name=源伟
2020-03-24 10:10:20.366  INFO 11440 --- [           main] org.apache.zookeeper.ZooKeeper           : Client environment:user.home=C:\Users\源伟
2020-03-24 10:10:20.366  INFO 11440 --- [           main] org.apache.zookeeper.ZooKeeper           : Client environment:user.dir=D:\idea\rabbit-parent\MainTest
2020-03-24 10:10:20.396  INFO 11440 --- [           main] org.apache.zookeeper.ZooKeeper           : Initiating client connection, connectString=39.108.157.26:2181 sessionTimeout=60000 watcher=org.apache.curator.ConnectionState@4e31c3ec
2020-03-24 10:10:22.009  INFO 11440 --- [08.157.26:2181)] org.apache.zookeeper.ClientCnxn          : Opening socket connection to server 39.108.157.26/39.108.157.26:2181. Will not attempt to authenticate using SASL (unknown error)
2020-03-24 10:10:22.054  INFO 11440 --- [08.157.26:2181)] org.apache.zookeeper.ClientCnxn          : Socket connection established to 39.108.157.26/39.108.157.26:2181, initiating session
2020-03-24 10:10:22.105  INFO 11440 --- [08.157.26:2181)] org.apache.zookeeper.ClientCnxn          : Session establishment complete on server 39.108.157.26/39.108.157.26:2181, sessionid = 0x103d7e42b180022, negotiated timeout = 60000
2020-03-24 10:10:22.120  INFO 11440 --- [ain-EventThread] o.a.c.f.state.ConnectionStateManager     : State change: CONNECTED
2020-03-24 10:10:24.971  INFO 11440 --- [           main] com.alibaba.druid.pool.DruidDataSource   : {dataSource-1} inited
2020-03-24 10:10:28.195  INFO 11440 --- [           main] o.s.s.concurrent.ThreadPoolTaskExecutor  : Initializing ExecutorService 'applicationTaskExecutor'
2020-03-24 10:10:30.033  INFO 11440 --- [           main] c.hyw.producer.rabbit.ApplicationTests   : Started ApplicationTests in 18.921 seconds (JVM running for 22.172)
2020-03-24 10:10:31.198  INFO 11440 --- [           main] org.quartz.impl.StdSchedulerFactory      : Using default implementation for ThreadExecutor
2020-03-24 10:10:31.237  INFO 11440 --- [           main] org.quartz.core.SchedulerSignalerImpl    : Initialized Scheduler Signaller of type: class org.quartz.core.SchedulerSignalerImpl
2020-03-24 10:10:31.237  INFO 11440 --- [           main] org.quartz.core.QuartzScheduler          : Quartz Scheduler v.2.3.1 created.
2020-03-24 10:10:31.239  INFO 11440 --- [           main] c.d.d.j.l.i.s.JobShutdownHookPlugin      : Registering Quartz shutdown hook.
2020-03-24 10:10:31.242  INFO 11440 --- [           main] org.quartz.simpl.RAMJobStore             : RAMJobStore initialized.
2020-03-24 10:10:31.244  INFO 11440 --- [           main] org.quartz.core.QuartzScheduler          : Scheduler meta-data: Quartz Scheduler (v2.3.1) 'elastic-job.com.hyw.producer.rabbit.job.DemoSimpleJob' with instanceId 'NON_CLUSTERED'
  Scheduler class: 'org.quartz.core.QuartzScheduler' - running locally.
  NOT STARTED.
  Currently in standby mode.
  Number of jobs executed: 0
  Using thread pool 'org.quartz.simpl.SimpleThreadPool' - with 1 threads.
  Using job-store 'org.quartz.simpl.RAMJobStore' - which does not support persistence. and is not clustered.

2020-03-24 10:10:31.246  INFO 11440 --- [           main] org.quartz.impl.StdSchedulerFactory      : Quartz scheduler 'elastic-job.com.hyw.producer.rabbit.job.DemoSimpleJob' initialized from an externally provided properties instance.
2020-03-24 10:10:31.246  INFO 11440 --- [           main] org.quartz.impl.StdSchedulerFactory      : Quartz scheduler version: 2.3.1
2020-03-24 10:10:32.920  INFO 11440 --- [           main] org.quartz.core.QuartzScheduler          : Scheduler elastic-job.com.hyw.producer.rabbit.job.DemoSimpleJob_$_NON_CLUSTERED started.
2020-03-24 10:10:34.638  INFO 11440 --- [           main] org.quartz.core.QuartzScheduler          : Scheduler elastic-job.com.hyw.producer.rabbit.job.DemoSimpleJob_$_NON_CLUSTERED started.
2020-03-24 10:10:34.639  INFO 11440 --- [           main] c.h.t.r.parser.ElasticJobConfigParser    : 启动elastic-job作业: elastic-job.com.hyw.producer.rabbit.job.DemoSimpleJob
2020-03-24 10:10:34.820  INFO 11440 --- [           main] org.quartz.impl.StdSchedulerFactory      : Using default implementation for ThreadExecutor
2020-03-24 10:10:34.821  INFO 11440 --- [           main] org.quartz.core.SchedulerSignalerImpl    : Initialized Scheduler Signaller of type: class org.quartz.core.SchedulerSignalerImpl
2020-03-24 10:10:34.821  INFO 11440 --- [           main] org.quartz.core.QuartzScheduler          : Quartz Scheduler v.2.3.1 created.
2020-03-24 10:10:34.821  INFO 11440 --- [           main] c.d.d.j.l.i.s.JobShutdownHookPlugin      : Registering Quartz shutdown hook.
2020-03-24 10:10:34.821  INFO 11440 --- [           main] org.quartz.simpl.RAMJobStore             : RAMJobStore initialized.
2020-03-24 10:10:34.821  INFO 11440 --- [           main] org.quartz.core.QuartzScheduler          : Scheduler meta-data: Quartz Scheduler (v2.3.1) 'elastic-job.com.hyw.producer.rabbit.job.MySimpleJob' with instanceId 'NON_CLUSTERED'
  Scheduler class: 'org.quartz.core.QuartzScheduler' - running locally.
  NOT STARTED.
  Currently in standby mode.
  Number of jobs executed: 0
  Using thread pool 'org.quartz.simpl.SimpleThreadPool' - with 1 threads.
  Using job-store 'org.quartz.simpl.RAMJobStore' - which does not support persistence. and is not clustered.

2020-03-24 10:10:34.822  INFO 11440 --- [           main] org.quartz.impl.StdSchedulerFactory      : Quartz scheduler 'elastic-job.com.hyw.producer.rabbit.job.MySimpleJob' initialized from an externally provided properties instance.
2020-03-24 10:10:34.822  INFO 11440 --- [           main] org.quartz.impl.StdSchedulerFactory      : Quartz scheduler version: 2.3.1
2020-03-24 10:10:35.237  INFO 11440 --- [           main] org.quartz.core.QuartzScheduler          : Scheduler elastic-job.com.hyw.producer.rabbit.job.MySimpleJob_$_NON_CLUSTERED started.
2020-03-24 10:10:35.796  INFO 11440 --- [           main] org.quartz.core.QuartzScheduler          : Scheduler elastic-job.com.hyw.producer.rabbit.job.MySimpleJob_$_NON_CLUSTERED started.
2020-03-24 10:10:35.797  INFO 11440 --- [           main] c.h.t.r.parser.ElasticJobConfigParser    : 启动elastic-job作业: elastic-job.com.hyw.producer.rabbit.job.MySimpleJob
2020-03-24 10:10:35.994  INFO 11440 --- [           main] org.quartz.impl.StdSchedulerFactory      : Using default implementation for ThreadExecutor
2020-03-24 10:10:35.996  INFO 11440 --- [           main] org.quartz.core.SchedulerSignalerImpl    : Initialized Scheduler Signaller of type: class org.quartz.core.SchedulerSignalerImpl
2020-03-24 10:10:35.997  INFO 11440 --- [           main] org.quartz.core.QuartzScheduler          : Quartz Scheduler v.2.3.1 created.
2020-03-24 10:10:35.998  INFO 11440 --- [           main] c.d.d.j.l.i.s.JobShutdownHookPlugin      : Registering Quartz shutdown hook.
2020-03-24 10:10:35.998  INFO 11440 --- [           main] org.quartz.simpl.RAMJobStore             : RAMJobStore initialized.
2020-03-24 10:10:35.998  INFO 11440 --- [           main] org.quartz.core.QuartzScheduler          : Scheduler meta-data: Quartz Scheduler (v2.3.1) 'elastic-job.com.hyw.producer.rabbit.task.RetryMessageDataflowJob' with instanceId 'NON_CLUSTERED'
  Scheduler class: 'org.quartz.core.QuartzScheduler' - running locally.
  NOT STARTED.
  Currently in standby mode.
  Number of jobs executed: 0
  Using thread pool 'org.quartz.simpl.SimpleThreadPool' - with 1 threads.
  Using job-store 'org.quartz.simpl.RAMJobStore' - which does not support persistence. and is not clustered.

2020-03-24 10:10:35.998  INFO 11440 --- [           main] org.quartz.impl.StdSchedulerFactory      : Quartz scheduler 'elastic-job.com.hyw.producer.rabbit.task.RetryMessageDataflowJob' initialized from an externally provided properties instance.
2020-03-24 10:10:35.998  INFO 11440 --- [           main] org.quartz.impl.StdSchedulerFactory      : Quartz scheduler version: 2.3.1
demojob
demojob
demojob
demojob
demojob
2020-03-24 10:10:36.489  INFO 11440 --- [           main] org.quartz.core.QuartzScheduler          : Scheduler elastic-job.com.hyw.producer.rabbit.task.RetryMessageDataflowJob_$_NON_CLUSTERED started.
2020-03-24 10:10:37.024  INFO 11440 --- [           main] org.quartz.core.QuartzScheduler          : Scheduler elastic-job.com.hyw.producer.rabbit.task.RetryMessageDataflowJob_$_NON_CLUSTERED started.
2020-03-24 10:10:37.024  INFO 11440 --- [           main] c.h.t.r.parser.ElasticJobConfigParser    : 启动elastic-job作业: elastic-job.com.hyw.producer.rabbit.task.RetryMessageDataflowJob
]]></system-out>
    <system-err><![CDATA[--------------rabbitProducerDataSource-----------:{
	CreateTime:"2020-03-24 10:10:18",
	ActiveCount:0,
	PoolingCount:0,
	CreateCount:0,
	DestroyCount:0,
	CloseCount:0,
	ConnectCount:0,
	Connections:[
	]
}

[
]
Loading class `com.mysql.jdbc.Driver'. This is deprecated. The new driver class is `com.mysql.cj.jdbc.Driver'. The driver is automatically registered via the SPI and manual loading of the driver class is generally unnecessary.
log4j:WARN No appenders could be found for logger (druid.sql.Connection).
log4j:WARN Please initialize the log4j system properly.
log4j:WARN See http://logging.apache.org/log4j/1.2/faq.html#noconfig for more info.
]]></system-err>
  </testcase>
</testsuite>